{
  "RSpec": {
    "coverage": {
      "/Users/emil/code/dice/spec/dice_spec.rb": [
        1,
        1,
        null,
        1,
        1,
        2,
        1,
        null,
        1,
        1,
        null,
        1,
        10002,
        1,
        null,
        null,
        1,
        1,
        1,
        null,
        null
      ],
      "/Users/emil/code/dice/lib/dice.rb": [
        1,
        1,
        null,
        1,
        1,
        null,
        1,
        1,
        10000,
        null,
        null,
        null,
        1,
        null,
        1,
        10000,
        10000,
        null,
        10000,
        null,
        null,
        1,
        null,
        1,
        10000,
        null,
        null,
        1,
        10000,
        null,
        null,
        10000,
        null,
        60000,
        240000,
        null,
        null,
        60000,
        60000,
        null,
        60000,
        null,
        50000,
        null,
        50000,
        null,
        10000,
        null,
        10000,
        null,
        0,
        null,
        null,
        null,
        null,
        140000,
        60000,
        60000,
        null,
        null,
        10000,
        null,
        null
      ]
    },
    "timestamp": 1457887882
  }
}
