{
  "RSpec": {
    "coverage": {
      "/Users/emil/code/dice/spec/dice_spec.rb": [
        1,
        1,
        null,
        1,
        4,
        5,
        3,
        null,
        2,
        2,
        null,
        1,
        10002,
        1,
        null,
        null,
        1,
        2,
        2,
        null,
        null
      ],
      "/Users/emil/code/dice/lib/dice.rb": [
        1,
        1,
        null,
        1,
        1,
        null,
        1,
        1,
        10000,
        null,
        null,
        null,
        1,
        null,
        1,
        10003,
        10003,
        null,
        10003,
        null,
        null,
        1,
        null,
        1,
        10003,
        null,
        null,
        1,
        10003,
        null,
        null,
        10003,
        null,
        60018,
        240072,
        null,
        null,
        60018,
        60018,
        null,
        60018,
        null,
        50015,
        null,
        50015,
        null,
        10003,
        null,
        10003,
        null,
        0,
        null,
        null,
        null,
        null,
        140042,
        60018,
        60018,
        null,
        null,
        10003,
        null,
        null
      ]
    },
    "timestamp": 1457888069
  }
}
